2022-07-27 03:10:12,601 p=27635 u=gamecpp n=ansible | PLAY [test play] ********************************************************************************************************************************************
2022-07-27 03:10:12,618 p=27635 u=gamecpp n=ansible | TASK [Gathering Facts] **************************************************************************************************************************************
2022-07-27 03:10:14,063 p=27635 u=gamecpp n=ansible | ok: [172.16.9.129]
2022-07-27 03:10:14,109 p=27635 u=gamecpp n=ansible | ok: [172.16.9.128]
2022-07-27 03:10:14,130 p=27635 u=gamecpp n=ansible | TASK [test : find game directory] ***************************************************************************************************************************
2022-07-27 03:10:14,152 p=27635 u=gamecpp n=ansible | fatal: [172.16.9.128]: FAILED! => {"msg": "The task includes an option with an undefined variable. The error was: 'zone_name' is undefined\n\nThe error appears to be in '/data/tdzone/roles/test/tasks/main.yml': line 3, column 3, but may\nbe elsewhere in the file depending on the exact syntax problem.\n\nThe offending line appears to be:\n\n\n- name: find game directory\n  ^ here\n"}
2022-07-27 03:10:14,162 p=27635 u=gamecpp n=ansible | fatal: [172.16.9.129]: FAILED! => {"msg": "The task includes an option with an undefined variable. The error was: 'zone_name' is undefined\n\nThe error appears to be in '/data/tdzone/roles/test/tasks/main.yml': line 3, column 3, but may\nbe elsewhere in the file depending on the exact syntax problem.\n\nThe offending line appears to be:\n\n\n- name: find game directory\n  ^ here\n"}
2022-07-27 03:10:14,166 p=27635 u=gamecpp n=ansible | PLAY RECAP **************************************************************************************************************************************************
2022-07-27 03:10:14,166 p=27635 u=gamecpp n=ansible | 172.16.9.128               : ok=1    changed=0    unreachable=0    failed=1    skipped=0    rescued=0    ignored=0   
2022-07-27 03:10:14,166 p=27635 u=gamecpp n=ansible | 172.16.9.129               : ok=1    changed=0    unreachable=0    failed=1    skipped=0    rescued=0    ignored=0   
2022-07-27 03:10:57,885 p=27701 u=gamecpp n=ansible | PLAY [test play] ********************************************************************************************************************************************
2022-07-27 03:10:57,901 p=27701 u=gamecpp n=ansible | TASK [Gathering Facts] **************************************************************************************************************************************
2022-07-27 03:10:58,909 p=27701 u=gamecpp n=ansible | ok: [172.16.9.129]
2022-07-27 03:10:58,971 p=27701 u=gamecpp n=ansible | ok: [172.16.9.128]
2022-07-27 03:10:58,994 p=27701 u=gamecpp n=ansible | TASK [test : find game directory] ***************************************************************************************************************************
2022-07-27 03:10:59,437 p=27701 u=gamecpp n=ansible | ok: [172.16.9.129]
2022-07-27 03:10:59,443 p=27701 u=gamecpp n=ansible | ok: [172.16.9.128]
2022-07-27 03:10:59,455 p=27701 u=gamecpp n=ansible | TASK [test : test role] *************************************************************************************************************************************
2022-07-27 03:10:59,505 p=27701 u=gamecpp n=ansible | ok: [172.16.9.128] => (item={'uid': 1000, 'woth': False, 'mtime': 1658904361.840843, 'inode': 67569152, 'isgid': False, 'size': 87, 'roth': True, 'isuid': False, 'isreg': False, 'pw_name': 'gamecpp', 'gid': 1000, 'ischr': False, 'wusr': True, 'xoth': True, 'rusr': True, 'nlink': 3, 'issock': False, 'rgrp': True, 'gr_name': 'gamecpp', 'path': '/data/game/test_syf_1', 'xusr': True, 'atime': 1658904241.5443861, 'isdir': True, 'ctime': 1658904361.840843, 'isblk': False, 'xgrp': True, 'dev': 64768, 'wgrp': True, 'isfifo': False, 'mode': '0775', 'islnk': False}) => {
    "msg": {
        "atime": 1658904241.5443861,
        "ctime": 1658904361.840843,
        "dev": 64768,
        "gid": 1000,
        "gr_name": "gamecpp",
        "inode": 67569152,
        "isblk": false,
        "ischr": false,
        "isdir": true,
        "isfifo": false,
        "isgid": false,
        "islnk": false,
        "isreg": false,
        "issock": false,
        "isuid": false,
        "mode": "0775",
        "mtime": 1658904361.840843,
        "nlink": 3,
        "path": "/data/game/test_syf_1",
        "pw_name": "gamecpp",
        "rgrp": true,
        "roth": true,
        "rusr": true,
        "size": 87,
        "uid": 1000,
        "wgrp": true,
        "woth": false,
        "wusr": true,
        "xgrp": true,
        "xoth": true,
        "xusr": true
    }
}
2022-07-27 03:10:59,526 p=27701 u=gamecpp n=ansible | ok: [172.16.9.128] => (item={'uid': 1000, 'woth': False, 'mtime': 1658904370.7648768, 'inode': 34151232, 'isgid': False, 'size': 87, 'roth': True, 'isuid': False, 'isreg': False, 'pw_name': 'gamecpp', 'gid': 1000, 'ischr': False, 'wusr': True, 'xoth': True, 'rusr': True, 'nlink': 3, 'issock': False, 'rgrp': True, 'gr_name': 'gamecpp', 'path': '/data/game/test_syf_2', 'xusr': True, 'atime': 1658904241.8263872, 'isdir': True, 'ctime': 1658904370.7648768, 'isblk': False, 'xgrp': True, 'dev': 64768, 'wgrp': True, 'isfifo': False, 'mode': '0775', 'islnk': False}) => {
    "msg": {
        "atime": 1658904241.8263872,
        "ctime": 1658904370.7648768,
        "dev": 64768,
        "gid": 1000,
        "gr_name": "gamecpp",
        "inode": 34151232,
        "isblk": false,
        "ischr": false,
        "isdir": true,
        "isfifo": false,
        "isgid": false,
        "islnk": false,
        "isreg": false,
        "issock": false,
        "isuid": false,
        "mode": "0775",
        "mtime": 1658904370.7648768,
        "nlink": 3,
        "path": "/data/game/test_syf_2",
        "pw_name": "gamecpp",
        "rgrp": true,
        "roth": true,
        "rusr": true,
        "size": 87,
        "uid": 1000,
        "wgrp": true,
        "woth": false,
        "wusr": true,
        "xgrp": true,
        "xoth": true,
        "xusr": true
    }
}
2022-07-27 03:10:59,527 p=27701 u=gamecpp n=ansible | ok: [172.16.9.128] => (item={'uid': 1000, 'woth': False, 'mtime': 1658904335.0317411, 'inode': 817, 'isgid': False, 'size': 87, 'roth': True, 'isuid': False, 'isreg': False, 'pw_name': 'gamecpp', 'gid': 1000, 'ischr': False, 'wusr': True, 'xoth': True, 'rusr': True, 'nlink': 3, 'issock': False, 'rgrp': True, 'gr_name': 'gamecpp', 'path': '/data/game/test_syf_3', 'xusr': True, 'atime': 1658904242.1083882, 'isdir': True, 'ctime': 1658904335.0317411, 'isblk': False, 'xgrp': True, 'dev': 64768, 'wgrp': True, 'isfifo': False, 'mode': '0775', 'islnk': False}) => {
    "msg": {
        "atime": 1658904242.1083882,
        "ctime": 1658904335.0317411,
        "dev": 64768,
        "gid": 1000,
        "gr_name": "gamecpp",
        "inode": 817,
        "isblk": false,
        "ischr": false,
        "isdir": true,
        "isfifo": false,
        "isgid": false,
        "islnk": false,
        "isreg": false,
        "issock": false,
        "isuid": false,
        "mode": "0775",
        "mtime": 1658904335.0317411,
        "nlink": 3,
        "path": "/data/game/test_syf_3",
        "pw_name": "gamecpp",
        "rgrp": true,
        "roth": true,
        "rusr": true,
        "size": 87,
        "uid": 1000,
        "wgrp": true,
        "woth": false,
        "wusr": true,
        "xgrp": true,
        "xoth": true,
        "xusr": true
    }
}
2022-07-27 03:10:59,528 p=27701 u=gamecpp n=ansible | ok: [172.16.9.129] => (item={'uid': 1000, 'woth': False, 'mtime': 1658904432.0776029, 'inode': 101389569, 'isgid': False, 'size': 87, 'roth': True, 'isuid': False, 'isreg': False, 'pw_name': 'gamecpp', 'gid': 1000, 'ischr': False, 'wusr': True, 'xoth': True, 'rusr': True, 'nlink': 3, 'issock': False, 'rgrp': True, 'gr_name': 'gamecpp', 'path': '/data/game/test_syf_4', 'xusr': True, 'atime': 1658904417.4485571, 'isdir': True, 'ctime': 1658904432.0776029, 'isblk': False, 'xgrp': True, 'dev': 64768, 'wgrp': True, 'isfifo': False, 'mode': '0775', 'islnk': False}) => {
    "msg": {
        "atime": 1658904417.4485571,
        "ctime": 1658904432.0776029,
        "dev": 64768,
        "gid": 1000,
        "gr_name": "gamecpp",
        "inode": 101389569,
        "isblk": false,
        "ischr": false,
        "isdir": true,
        "isfifo": false,
        "isgid": false,
        "islnk": false,
        "isreg": false,
        "issock": false,
        "isuid": false,
        "mode": "0775",
        "mtime": 1658904432.0776029,
        "nlink": 3,
        "path": "/data/game/test_syf_4",
        "pw_name": "gamecpp",
        "rgrp": true,
        "roth": true,
        "rusr": true,
        "size": 87,
        "uid": 1000,
        "wgrp": true,
        "woth": false,
        "wusr": true,
        "xgrp": true,
        "xoth": true,
        "xusr": true
    }
}
2022-07-27 03:10:59,549 p=27701 u=gamecpp n=ansible | ok: [172.16.9.129] => (item={'uid': 1000, 'woth': False, 'mtime': 1658904440.9836307, 'inode': 67685824, 'isgid': False, 'size': 87, 'roth': True, 'isuid': False, 'isreg': False, 'pw_name': 'gamecpp', 'gid': 1000, 'ischr': False, 'wusr': True, 'xoth': True, 'rusr': True, 'nlink': 3, 'issock': False, 'rgrp': True, 'gr_name': 'gamecpp', 'path': '/data/game/test_syf_5', 'xusr': True, 'atime': 1658904417.7145581, 'isdir': True, 'ctime': 1658904440.9836307, 'isblk': False, 'xgrp': True, 'dev': 64768, 'wgrp': True, 'isfifo': False, 'mode': '0775', 'islnk': False}) => {
    "msg": {
        "atime": 1658904417.7145581,
        "ctime": 1658904440.9836307,
        "dev": 64768,
        "gid": 1000,
        "gr_name": "gamecpp",
        "inode": 67685824,
        "isblk": false,
        "ischr": false,
        "isdir": true,
        "isfifo": false,
        "isgid": false,
        "islnk": false,
        "isreg": false,
        "issock": false,
        "isuid": false,
        "mode": "0775",
        "mtime": 1658904440.9836307,
        "nlink": 3,
        "path": "/data/game/test_syf_5",
        "pw_name": "gamecpp",
        "rgrp": true,
        "roth": true,
        "rusr": true,
        "size": 87,
        "uid": 1000,
        "wgrp": true,
        "woth": false,
        "wusr": true,
        "xgrp": true,
        "xoth": true,
        "xusr": true
    }
}
2022-07-27 03:10:59,550 p=27701 u=gamecpp n=ansible | ok: [172.16.9.129] => (item={'uid': 1000, 'woth': False, 'mtime': 1658904449.9126587, 'inode': 33945969, 'isgid': False, 'size': 87, 'roth': True, 'isuid': False, 'isreg': False, 'pw_name': 'gamecpp', 'gid': 1000, 'ischr': False, 'wusr': True, 'xoth': True, 'rusr': True, 'nlink': 3, 'issock': False, 'rgrp': True, 'gr_name': 'gamecpp', 'path': '/data/game/test_syf_6', 'xusr': True, 'atime': 1658904417.9785588, 'isdir': True, 'ctime': 1658904449.9126587, 'isblk': False, 'xgrp': True, 'dev': 64768, 'wgrp': True, 'isfifo': False, 'mode': '0775', 'islnk': False}) => {
    "msg": {
        "atime": 1658904417.9785588,
        "ctime": 1658904449.9126587,
        "dev": 64768,
        "gid": 1000,
        "gr_name": "gamecpp",
        "inode": 33945969,
        "isblk": false,
        "ischr": false,
        "isdir": true,
        "isfifo": false,
        "isgid": false,
        "islnk": false,
        "isreg": false,
        "issock": false,
        "isuid": false,
        "mode": "0775",
        "mtime": 1658904449.9126587,
        "nlink": 3,
        "path": "/data/game/test_syf_6",
        "pw_name": "gamecpp",
        "rgrp": true,
        "roth": true,
        "rusr": true,
        "size": 87,
        "uid": 1000,
        "wgrp": true,
        "woth": false,
        "wusr": true,
        "xgrp": true,
        "xoth": true,
        "xusr": true
    }
}
2022-07-27 03:10:59,592 p=27701 u=gamecpp n=ansible | ok: [172.16.9.129] => (item={'uid': 1000, 'woth': False, 'mtime': 1658904458.8306866, 'inode': 694368, 'isgid': False, 'size': 87, 'roth': True, 'isuid': False, 'isreg': False, 'pw_name': 'gamecpp', 'gid': 1000, 'ischr': False, 'wusr': True, 'xoth': True, 'rusr': True, 'nlink': 3, 'issock': False, 'rgrp': True, 'gr_name': 'gamecpp', 'path': '/data/game/test_syf_7', 'xusr': True, 'atime': 1658904418.2495596, 'isdir': True, 'ctime': 1658904458.8306866, 'isblk': False, 'xgrp': True, 'dev': 64768, 'wgrp': True, 'isfifo': False, 'mode': '0775', 'islnk': False}) => {
    "msg": {
        "atime": 1658904418.2495596,
        "ctime": 1658904458.8306866,
        "dev": 64768,
        "gid": 1000,
        "gr_name": "gamecpp",
        "inode": 694368,
        "isblk": false,
        "ischr": false,
        "isdir": true,
        "isfifo": false,
        "isgid": false,
        "islnk": false,
        "isreg": false,
        "issock": false,
        "isuid": false,
        "mode": "0775",
        "mtime": 1658904458.8306866,
        "nlink": 3,
        "path": "/data/game/test_syf_7",
        "pw_name": "gamecpp",
        "rgrp": true,
        "roth": true,
        "rusr": true,
        "size": 87,
        "uid": 1000,
        "wgrp": true,
        "woth": false,
        "wusr": true,
        "xgrp": true,
        "xoth": true,
        "xusr": true
    }
}
2022-07-27 03:10:59,610 p=27701 u=gamecpp n=ansible | ok: [172.16.9.129] => (item={'uid': 1000, 'woth': False, 'mtime': 1658904467.7747145, 'inode': 101389568, 'isgid': False, 'size': 87, 'roth': True, 'isuid': False, 'isreg': False, 'pw_name': 'gamecpp', 'gid': 1000, 'ischr': False, 'wusr': True, 'xoth': True, 'rusr': True, 'nlink': 3, 'issock': False, 'rgrp': True, 'gr_name': 'gamecpp', 'path': '/data/game/test_syf_8', 'xusr': True, 'atime': 1658904418.5115604, 'isdir': True, 'ctime': 1658904467.7747145, 'isblk': False, 'xgrp': True, 'dev': 64768, 'wgrp': True, 'isfifo': False, 'mode': '0775', 'islnk': False}) => {
    "msg": {
        "atime": 1658904418.5115604,
        "ctime": 1658904467.7747145,
        "dev": 64768,
        "gid": 1000,
        "gr_name": "gamecpp",
        "inode": 101389568,
        "isblk": false,
        "ischr": false,
        "isdir": true,
        "isfifo": false,
        "isgid": false,
        "islnk": false,
        "isreg": false,
        "issock": false,
        "isuid": false,
        "mode": "0775",
        "mtime": 1658904467.7747145,
        "nlink": 3,
        "path": "/data/game/test_syf_8",
        "pw_name": "gamecpp",
        "rgrp": true,
        "roth": true,
        "rusr": true,
        "size": 87,
        "uid": 1000,
        "wgrp": true,
        "woth": false,
        "wusr": true,
        "xgrp": true,
        "xoth": true,
        "xusr": true
    }
}
2022-07-27 03:10:59,622 p=27701 u=gamecpp n=ansible | ok: [172.16.9.129] => (item={'uid': 1000, 'woth': False, 'mtime': 1658904476.6737423, 'inode': 67685825, 'isgid': False, 'size': 87, 'roth': True, 'isuid': False, 'isreg': False, 'pw_name': 'gamecpp', 'gid': 1000, 'ischr': False, 'wusr': True, 'xoth': True, 'rusr': True, 'nlink': 3, 'issock': False, 'rgrp': True, 'gr_name': 'gamecpp', 'path': '/data/game/test_syf_9', 'xusr': True, 'atime': 1658904418.7725613, 'isdir': True, 'ctime': 1658904476.6737423, 'isblk': False, 'xgrp': True, 'dev': 64768, 'wgrp': True, 'isfifo': False, 'mode': '0775', 'islnk': False}) => {
    "msg": {
        "atime": 1658904418.7725613,
        "ctime": 1658904476.6737423,
        "dev": 64768,
        "gid": 1000,
        "gr_name": "gamecpp",
        "inode": 67685825,
        "isblk": false,
        "ischr": false,
        "isdir": true,
        "isfifo": false,
        "isgid": false,
        "islnk": false,
        "isreg": false,
        "issock": false,
        "isuid": false,
        "mode": "0775",
        "mtime": 1658904476.6737423,
        "nlink": 3,
        "path": "/data/game/test_syf_9",
        "pw_name": "gamecpp",
        "rgrp": true,
        "roth": true,
        "rusr": true,
        "size": 87,
        "uid": 1000,
        "wgrp": true,
        "woth": false,
        "wusr": true,
        "xgrp": true,
        "xoth": true,
        "xusr": true
    }
}
2022-07-27 03:10:59,666 p=27701 u=gamecpp n=ansible | PLAY RECAP **************************************************************************************************************************************************
2022-07-27 03:10:59,666 p=27701 u=gamecpp n=ansible | 172.16.9.128               : ok=3    changed=0    unreachable=0    failed=0    skipped=0    rescued=0    ignored=0   
2022-07-27 03:10:59,666 p=27701 u=gamecpp n=ansible | 172.16.9.129               : ok=3    changed=0    unreachable=0    failed=0    skipped=0    rescued=0    ignored=0   
2022-07-27 03:11:36,349 p=27851 u=gamecpp n=ansible | PLAY [test play] ********************************************************************************************************************************************
2022-07-27 03:11:36,367 p=27851 u=gamecpp n=ansible | TASK [Gathering Facts] **************************************************************************************************************************************
2022-07-27 03:11:37,418 p=27851 u=gamecpp n=ansible | ok: [172.16.9.129]
2022-07-27 03:11:37,444 p=27851 u=gamecpp n=ansible | ok: [172.16.9.128]
2022-07-27 03:11:37,467 p=27851 u=gamecpp n=ansible | TASK [test : find game directory] ***************************************************************************************************************************
2022-07-27 03:11:37,904 p=27851 u=gamecpp n=ansible | ok: [172.16.9.129]
2022-07-27 03:11:37,915 p=27851 u=gamecpp n=ansible | ok: [172.16.9.128]
2022-07-27 03:11:37,928 p=27851 u=gamecpp n=ansible | TASK [test : test role] *************************************************************************************************************************************
2022-07-27 03:11:37,952 p=27851 u=gamecpp n=ansible | fatal: [172.16.9.128]: FAILED! => {"msg": "template error while templating string: Expected an expression, got 'end of print statement'. String: {{}}"}
2022-07-27 03:11:37,968 p=27851 u=gamecpp n=ansible | fatal: [172.16.9.129]: FAILED! => {"msg": "template error while templating string: Expected an expression, got 'end of print statement'. String: {{}}"}
2022-07-27 03:11:37,970 p=27851 u=gamecpp n=ansible | PLAY RECAP **************************************************************************************************************************************************
2022-07-27 03:11:37,970 p=27851 u=gamecpp n=ansible | 172.16.9.128               : ok=2    changed=0    unreachable=0    failed=1    skipped=0    rescued=0    ignored=0   
2022-07-27 03:11:37,971 p=27851 u=gamecpp n=ansible | 172.16.9.129               : ok=2    changed=0    unreachable=0    failed=1    skipped=0    rescued=0    ignored=0   
2022-07-27 03:11:48,688 p=27915 u=gamecpp n=ansible | PLAY [test play] ********************************************************************************************************************************************
2022-07-27 03:11:48,705 p=27915 u=gamecpp n=ansible | TASK [Gathering Facts] **************************************************************************************************************************************
2022-07-27 03:11:49,737 p=27915 u=gamecpp n=ansible | ok: [172.16.9.129]
2022-07-27 03:11:49,758 p=27915 u=gamecpp n=ansible | ok: [172.16.9.128]
2022-07-27 03:11:49,781 p=27915 u=gamecpp n=ansible | TASK [test : find game directory] ***************************************************************************************************************************
2022-07-27 03:11:50,220 p=27915 u=gamecpp n=ansible | ok: [172.16.9.129]
2022-07-27 03:11:50,223 p=27915 u=gamecpp n=ansible | ok: [172.16.9.128]
2022-07-27 03:11:50,237 p=27915 u=gamecpp n=ansible | TASK [test : test role] *************************************************************************************************************************************
2022-07-27 03:11:50,283 p=27915 u=gamecpp n=ansible | ok: [172.16.9.128] => (item={'uid': 1000, 'woth': False, 'mtime': 1658904361.840843, 'inode': 67569152, 'isgid': False, 'size': 87, 'roth': True, 'isuid': False, 'isreg': False, 'pw_name': 'gamecpp', 'gid': 1000, 'ischr': False, 'wusr': True, 'xoth': True, 'rusr': True, 'nlink': 3, 'issock': False, 'rgrp': True, 'gr_name': 'gamecpp', 'path': '/data/game/test_syf_1', 'xusr': True, 'atime': 1658904241.5443861, 'isdir': True, 'ctime': 1658904361.840843, 'isblk': False, 'xgrp': True, 'dev': 64768, 'wgrp': True, 'isfifo': False, 'mode': '0775', 'islnk': False}) => {
    "msg": "---"
}
2022-07-27 03:11:50,299 p=27915 u=gamecpp n=ansible | ok: [172.16.9.128] => (item={'uid': 1000, 'woth': False, 'mtime': 1658904370.7648768, 'inode': 34151232, 'isgid': False, 'size': 87, 'roth': True, 'isuid': False, 'isreg': False, 'pw_name': 'gamecpp', 'gid': 1000, 'ischr': False, 'wusr': True, 'xoth': True, 'rusr': True, 'nlink': 3, 'issock': False, 'rgrp': True, 'gr_name': 'gamecpp', 'path': '/data/game/test_syf_2', 'xusr': True, 'atime': 1658904241.8263872, 'isdir': True, 'ctime': 1658904370.7648768, 'isblk': False, 'xgrp': True, 'dev': 64768, 'wgrp': True, 'isfifo': False, 'mode': '0775', 'islnk': False}) => {
    "msg": "---"
}
2022-07-27 03:11:50,300 p=27915 u=gamecpp n=ansible | ok: [172.16.9.128] => (item={'uid': 1000, 'woth': False, 'mtime': 1658904335.0317411, 'inode': 817, 'isgid': False, 'size': 87, 'roth': True, 'isuid': False, 'isreg': False, 'pw_name': 'gamecpp', 'gid': 1000, 'ischr': False, 'wusr': True, 'xoth': True, 'rusr': True, 'nlink': 3, 'issock': False, 'rgrp': True, 'gr_name': 'gamecpp', 'path': '/data/game/test_syf_3', 'xusr': True, 'atime': 1658904242.1083882, 'isdir': True, 'ctime': 1658904335.0317411, 'isblk': False, 'xgrp': True, 'dev': 64768, 'wgrp': True, 'isfifo': False, 'mode': '0775', 'islnk': False}) => {
    "msg": "---"
}
2022-07-27 03:11:50,304 p=27915 u=gamecpp n=ansible | ok: [172.16.9.129] => (item={'uid': 1000, 'woth': False, 'mtime': 1658904432.0776029, 'inode': 101389569, 'isgid': False, 'size': 87, 'roth': True, 'isuid': False, 'isreg': False, 'pw_name': 'gamecpp', 'gid': 1000, 'ischr': False, 'wusr': True, 'xoth': True, 'rusr': True, 'nlink': 3, 'issock': False, 'rgrp': True, 'gr_name': 'gamecpp', 'path': '/data/game/test_syf_4', 'xusr': True, 'atime': 1658904417.4485571, 'isdir': True, 'ctime': 1658904432.0776029, 'isblk': False, 'xgrp': True, 'dev': 64768, 'wgrp': True, 'isfifo': False, 'mode': '0775', 'islnk': False}) => {
    "msg": "---"
}
2022-07-27 03:11:50,315 p=27915 u=gamecpp n=ansible | ok: [172.16.9.129] => (item={'uid': 1000, 'woth': False, 'mtime': 1658904440.9836307, 'inode': 67685824, 'isgid': False, 'size': 87, 'roth': True, 'isuid': False, 'isreg': False, 'pw_name': 'gamecpp', 'gid': 1000, 'ischr': False, 'wusr': True, 'xoth': True, 'rusr': True, 'nlink': 3, 'issock': False, 'rgrp': True, 'gr_name': 'gamecpp', 'path': '/data/game/test_syf_5', 'xusr': True, 'atime': 1658904417.7145581, 'isdir': True, 'ctime': 1658904440.9836307, 'isblk': False, 'xgrp': True, 'dev': 64768, 'wgrp': True, 'isfifo': False, 'mode': '0775', 'islnk': False}) => {
    "msg": "---"
}
2022-07-27 03:11:50,344 p=27915 u=gamecpp n=ansible | ok: [172.16.9.129] => (item={'uid': 1000, 'woth': False, 'mtime': 1658904449.9126587, 'inode': 33945969, 'isgid': False, 'size': 87, 'roth': True, 'isuid': False, 'isreg': False, 'pw_name': 'gamecpp', 'gid': 1000, 'ischr': False, 'wusr': True, 'xoth': True, 'rusr': True, 'nlink': 3, 'issock': False, 'rgrp': True, 'gr_name': 'gamecpp', 'path': '/data/game/test_syf_6', 'xusr': True, 'atime': 1658904417.9785588, 'isdir': True, 'ctime': 1658904449.9126587, 'isblk': False, 'xgrp': True, 'dev': 64768, 'wgrp': True, 'isfifo': False, 'mode': '0775', 'islnk': False}) => {
    "msg": "---"
}
2022-07-27 03:11:50,360 p=27915 u=gamecpp n=ansible | ok: [172.16.9.129] => (item={'uid': 1000, 'woth': False, 'mtime': 1658904458.8306866, 'inode': 694368, 'isgid': False, 'size': 87, 'roth': True, 'isuid': False, 'isreg': False, 'pw_name': 'gamecpp', 'gid': 1000, 'ischr': False, 'wusr': True, 'xoth': True, 'rusr': True, 'nlink': 3, 'issock': False, 'rgrp': True, 'gr_name': 'gamecpp', 'path': '/data/game/test_syf_7', 'xusr': True, 'atime': 1658904418.2495596, 'isdir': True, 'ctime': 1658904458.8306866, 'isblk': False, 'xgrp': True, 'dev': 64768, 'wgrp': True, 'isfifo': False, 'mode': '0775', 'islnk': False}) => {
    "msg": "---"
}
2022-07-27 03:11:50,375 p=27915 u=gamecpp n=ansible | ok: [172.16.9.129] => (item={'uid': 1000, 'woth': False, 'mtime': 1658904467.7747145, 'inode': 101389568, 'isgid': False, 'size': 87, 'roth': True, 'isuid': False, 'isreg': False, 'pw_name': 'gamecpp', 'gid': 1000, 'ischr': False, 'wusr': True, 'xoth': True, 'rusr': True, 'nlink': 3, 'issock': False, 'rgrp': True, 'gr_name': 'gamecpp', 'path': '/data/game/test_syf_8', 'xusr': True, 'atime': 1658904418.5115604, 'isdir': True, 'ctime': 1658904467.7747145, 'isblk': False, 'xgrp': True, 'dev': 64768, 'wgrp': True, 'isfifo': False, 'mode': '0775', 'islnk': False}) => {
    "msg": "---"
}
2022-07-27 03:11:50,383 p=27915 u=gamecpp n=ansible | ok: [172.16.9.129] => (item={'uid': 1000, 'woth': False, 'mtime': 1658904476.6737423, 'inode': 67685825, 'isgid': False, 'size': 87, 'roth': True, 'isuid': False, 'isreg': False, 'pw_name': 'gamecpp', 'gid': 1000, 'ischr': False, 'wusr': True, 'xoth': True, 'rusr': True, 'nlink': 3, 'issock': False, 'rgrp': True, 'gr_name': 'gamecpp', 'path': '/data/game/test_syf_9', 'xusr': True, 'atime': 1658904418.7725613, 'isdir': True, 'ctime': 1658904476.6737423, 'isblk': False, 'xgrp': True, 'dev': 64768, 'wgrp': True, 'isfifo': False, 'mode': '0775', 'islnk': False}) => {
    "msg": "---"
}
2022-07-27 03:11:50,427 p=27915 u=gamecpp n=ansible | PLAY RECAP **************************************************************************************************************************************************
2022-07-27 03:11:50,427 p=27915 u=gamecpp n=ansible | 172.16.9.128               : ok=3    changed=0    unreachable=0    failed=0    skipped=0    rescued=0    ignored=0   
2022-07-27 03:11:50,427 p=27915 u=gamecpp n=ansible | 172.16.9.129               : ok=3    changed=0    unreachable=0    failed=0    skipped=0    rescued=0    ignored=0   
2022-07-27 03:13:15,342 p=28121 u=gamecpp n=ansible | [WARNING]: module zone_name not found in:
/home/gamecpp/.ansible/plugins/modules:/usr/share/ansible/plugins/modules:/home/gamecpp/.local/share/virtualenvs/tdzone-icR21eSY/lib/python3.9/site-
packages/ansible/modules

2022-07-27 03:14:20,975 p=28216 u=gamecpp n=ansible | PLAY [test play] ********************************************************************************************************************************************
2022-07-27 03:14:20,992 p=28216 u=gamecpp n=ansible | TASK [Gathering Facts] **************************************************************************************************************************************
2022-07-27 03:14:22,364 p=28216 u=gamecpp n=ansible | ok: [172.16.9.129]
2022-07-27 03:14:27,099 p=28216 u=gamecpp n=ansible | ok: [172.16.9.128]
2022-07-27 03:14:27,119 p=28216 u=gamecpp n=ansible | TASK [test : find game directory] ***************************************************************************************************************************
2022-07-27 03:14:27,555 p=28216 u=gamecpp n=ansible | ok: [172.16.9.129]
2022-07-27 03:14:27,562 p=28216 u=gamecpp n=ansible | ok: [172.16.9.128]
2022-07-27 03:14:27,575 p=28216 u=gamecpp n=ansible | TASK [test : test role] *************************************************************************************************************************************
2022-07-27 03:14:27,621 p=28216 u=gamecpp n=ansible | ok: [172.16.9.128] => (item={'uid': 1000, 'woth': False, 'mtime': 1658904361.840843, 'inode': 67569152, 'isgid': False, 'size': 87, 'roth': True, 'isuid': False, 'isreg': False, 'pw_name': 'gamecpp', 'gid': 1000, 'ischr': False, 'wusr': True, 'xoth': True, 'rusr': True, 'nlink': 3, 'issock': False, 'rgrp': True, 'gr_name': 'gamecpp', 'path': '/data/game/test_syf_1', 'xusr': True, 'atime': 1658904241.5443861, 'isdir': True, 'ctime': 1658904361.840843, 'isblk': False, 'xgrp': True, 'dev': 64768, 'wgrp': True, 'isfifo': False, 'mode': '0775', 'islnk': False}) => {
    "msg": "---"
}
2022-07-27 03:14:27,638 p=28216 u=gamecpp n=ansible | ok: [172.16.9.128] => (item={'uid': 1000, 'woth': False, 'mtime': 1658904370.7648768, 'inode': 34151232, 'isgid': False, 'size': 87, 'roth': True, 'isuid': False, 'isreg': False, 'pw_name': 'gamecpp', 'gid': 1000, 'ischr': False, 'wusr': True, 'xoth': True, 'rusr': True, 'nlink': 3, 'issock': False, 'rgrp': True, 'gr_name': 'gamecpp', 'path': '/data/game/test_syf_2', 'xusr': True, 'atime': 1658904241.8263872, 'isdir': True, 'ctime': 1658904370.7648768, 'isblk': False, 'xgrp': True, 'dev': 64768, 'wgrp': True, 'isfifo': False, 'mode': '0775', 'islnk': False}) => {
    "msg": "---"
}
2022-07-27 03:14:27,638 p=28216 u=gamecpp n=ansible | ok: [172.16.9.128] => (item={'uid': 1000, 'woth': False, 'mtime': 1658904335.0317411, 'inode': 817, 'isgid': False, 'size': 87, 'roth': True, 'isuid': False, 'isreg': False, 'pw_name': 'gamecpp', 'gid': 1000, 'ischr': False, 'wusr': True, 'xoth': True, 'rusr': True, 'nlink': 3, 'issock': False, 'rgrp': True, 'gr_name': 'gamecpp', 'path': '/data/game/test_syf_3', 'xusr': True, 'atime': 1658904242.1083882, 'isdir': True, 'ctime': 1658904335.0317411, 'isblk': False, 'xgrp': True, 'dev': 64768, 'wgrp': True, 'isfifo': False, 'mode': '0775', 'islnk': False}) => {
    "msg": "---"
}
2022-07-27 03:14:27,642 p=28216 u=gamecpp n=ansible | ok: [172.16.9.129] => (item={'uid': 1000, 'woth': False, 'mtime': 1658904432.0776029, 'inode': 101389569, 'isgid': False, 'size': 87, 'roth': True, 'isuid': False, 'isreg': False, 'pw_name': 'gamecpp', 'gid': 1000, 'ischr': False, 'wusr': True, 'xoth': True, 'rusr': True, 'nlink': 3, 'issock': False, 'rgrp': True, 'gr_name': 'gamecpp', 'path': '/data/game/test_syf_4', 'xusr': True, 'atime': 1658904417.4485571, 'isdir': True, 'ctime': 1658904432.0776029, 'isblk': False, 'xgrp': True, 'dev': 64768, 'wgrp': True, 'isfifo': False, 'mode': '0775', 'islnk': False}) => {
    "msg": "---"
}
2022-07-27 03:14:27,650 p=28216 u=gamecpp n=ansible | ok: [172.16.9.129] => (item={'uid': 1000, 'woth': False, 'mtime': 1658904440.9836307, 'inode': 67685824, 'isgid': False, 'size': 87, 'roth': True, 'isuid': False, 'isreg': False, 'pw_name': 'gamecpp', 'gid': 1000, 'ischr': False, 'wusr': True, 'xoth': True, 'rusr': True, 'nlink': 3, 'issock': False, 'rgrp': True, 'gr_name': 'gamecpp', 'path': '/data/game/test_syf_5', 'xusr': True, 'atime': 1658904417.7145581, 'isdir': True, 'ctime': 1658904440.9836307, 'isblk': False, 'xgrp': True, 'dev': 64768, 'wgrp': True, 'isfifo': False, 'mode': '0775', 'islnk': False}) => {
    "msg": "---"
}
2022-07-27 03:14:27,664 p=28216 u=gamecpp n=ansible | ok: [172.16.9.129] => (item={'uid': 1000, 'woth': False, 'mtime': 1658904449.9126587, 'inode': 33945969, 'isgid': False, 'size': 87, 'roth': True, 'isuid': False, 'isreg': False, 'pw_name': 'gamecpp', 'gid': 1000, 'ischr': False, 'wusr': True, 'xoth': True, 'rusr': True, 'nlink': 3, 'issock': False, 'rgrp': True, 'gr_name': 'gamecpp', 'path': '/data/game/test_syf_6', 'xusr': True, 'atime': 1658904417.9785588, 'isdir': True, 'ctime': 1658904449.9126587, 'isblk': False, 'xgrp': True, 'dev': 64768, 'wgrp': True, 'isfifo': False, 'mode': '0775', 'islnk': False}) => {
    "msg": "---"
}
2022-07-27 03:14:27,680 p=28216 u=gamecpp n=ansible | ok: [172.16.9.129] => (item={'uid': 1000, 'woth': False, 'mtime': 1658904458.8306866, 'inode': 694368, 'isgid': False, 'size': 87, 'roth': True, 'isuid': False, 'isreg': False, 'pw_name': 'gamecpp', 'gid': 1000, 'ischr': False, 'wusr': True, 'xoth': True, 'rusr': True, 'nlink': 3, 'issock': False, 'rgrp': True, 'gr_name': 'gamecpp', 'path': '/data/game/test_syf_7', 'xusr': True, 'atime': 1658904418.2495596, 'isdir': True, 'ctime': 1658904458.8306866, 'isblk': False, 'xgrp': True, 'dev': 64768, 'wgrp': True, 'isfifo': False, 'mode': '0775', 'islnk': False}) => {
    "msg": "---"
}
2022-07-27 03:14:27,713 p=28216 u=gamecpp n=ansible | ok: [172.16.9.129] => (item={'uid': 1000, 'woth': False, 'mtime': 1658904467.7747145, 'inode': 101389568, 'isgid': False, 'size': 87, 'roth': True, 'isuid': False, 'isreg': False, 'pw_name': 'gamecpp', 'gid': 1000, 'ischr': False, 'wusr': True, 'xoth': True, 'rusr': True, 'nlink': 3, 'issock': False, 'rgrp': True, 'gr_name': 'gamecpp', 'path': '/data/game/test_syf_8', 'xusr': True, 'atime': 1658904418.5115604, 'isdir': True, 'ctime': 1658904467.7747145, 'isblk': False, 'xgrp': True, 'dev': 64768, 'wgrp': True, 'isfifo': False, 'mode': '0775', 'islnk': False}) => {
    "msg": "---"
}
2022-07-27 03:14:27,724 p=28216 u=gamecpp n=ansible | ok: [172.16.9.129] => (item={'uid': 1000, 'woth': False, 'mtime': 1658904476.6737423, 'inode': 67685825, 'isgid': False, 'size': 87, 'roth': True, 'isuid': False, 'isreg': False, 'pw_name': 'gamecpp', 'gid': 1000, 'ischr': False, 'wusr': True, 'xoth': True, 'rusr': True, 'nlink': 3, 'issock': False, 'rgrp': True, 'gr_name': 'gamecpp', 'path': '/data/game/test_syf_9', 'xusr': True, 'atime': 1658904418.7725613, 'isdir': True, 'ctime': 1658904476.6737423, 'isblk': False, 'xgrp': True, 'dev': 64768, 'wgrp': True, 'isfifo': False, 'mode': '0775', 'islnk': False}) => {
    "msg": "---"
}
2022-07-27 03:14:27,768 p=28216 u=gamecpp n=ansible | PLAY RECAP **************************************************************************************************************************************************
2022-07-27 03:14:27,768 p=28216 u=gamecpp n=ansible | 172.16.9.128               : ok=3    changed=0    unreachable=0    failed=0    skipped=0    rescued=0    ignored=0   
2022-07-27 03:14:27,768 p=28216 u=gamecpp n=ansible | 172.16.9.129               : ok=3    changed=0    unreachable=0    failed=0    skipped=0    rescued=0    ignored=0   
2022-07-27 03:18:02,362 p=28535 u=gamecpp n=ansible |  [ERROR]: User interrupted execution

2022-07-27 03:19:59,979 p=28789 u=gamecpp n=ansible | PLAY [test play] ********************************************************************************************************************************************
2022-07-27 03:19:59,996 p=28789 u=gamecpp n=ansible | TASK [Gathering Facts] **************************************************************************************************************************************
2022-07-27 03:20:01,334 p=28789 u=gamecpp n=ansible | ok: [172.16.9.129]
2022-07-27 03:20:01,399 p=28789 u=gamecpp n=ansible | ok: [172.16.9.128]
2022-07-27 03:20:01,421 p=28789 u=gamecpp n=ansible | TASK [test : find game directory] ***************************************************************************************************************************
2022-07-27 03:20:01,880 p=28789 u=gamecpp n=ansible | ok: [172.16.9.129]
2022-07-27 03:20:01,889 p=28789 u=gamecpp n=ansible | ok: [172.16.9.128]
2022-07-27 03:20:01,901 p=28789 u=gamecpp n=ansible | TASK [test : test role] *************************************************************************************************************************************
2022-07-27 03:20:01,954 p=28789 u=gamecpp n=ansible | ok: [172.16.9.128] => (item={'uid': 1000, 'woth': False, 'mtime': 1658904361.840843, 'inode': 67569152, 'isgid': False, 'size': 87, 'roth': True, 'isuid': False, 'isreg': False, 'pw_name': 'gamecpp', 'gid': 1000, 'ischr': False, 'wusr': True, 'xoth': True, 'rusr': True, 'nlink': 3, 'issock': False, 'rgrp': True, 'gr_name': 'gamecpp', 'path': '/data/game/test_syf_1', 'xusr': True, 'atime': 1658904241.5443861, 'isdir': True, 'ctime': 1658904361.840843, 'isblk': False, 'xgrp': True, 'dev': 64768, 'wgrp': True, 'isfifo': False, 'mode': '0775', 'islnk': False}) => {
    "msg": "---"
}
2022-07-27 03:20:01,973 p=28789 u=gamecpp n=ansible | ok: [172.16.9.129] => (item={'uid': 1000, 'woth': False, 'mtime': 1658904432.0776029, 'inode': 101389569, 'isgid': False, 'size': 87, 'roth': True, 'isuid': False, 'isreg': False, 'pw_name': 'gamecpp', 'gid': 1000, 'ischr': False, 'wusr': True, 'xoth': True, 'rusr': True, 'nlink': 3, 'issock': False, 'rgrp': True, 'gr_name': 'gamecpp', 'path': '/data/game/test_syf_4', 'xusr': True, 'atime': 1658904417.4485571, 'isdir': True, 'ctime': 1658904432.0776029, 'isblk': False, 'xgrp': True, 'dev': 64768, 'wgrp': True, 'isfifo': False, 'mode': '0775', 'islnk': False}) => {
    "msg": "---"
}
2022-07-27 03:20:01,982 p=28789 u=gamecpp n=ansible | ok: [172.16.9.128] => (item={'uid': 1000, 'woth': False, 'mtime': 1658904370.7648768, 'inode': 34151232, 'isgid': False, 'size': 87, 'roth': True, 'isuid': False, 'isreg': False, 'pw_name': 'gamecpp', 'gid': 1000, 'ischr': False, 'wusr': True, 'xoth': True, 'rusr': True, 'nlink': 3, 'issock': False, 'rgrp': True, 'gr_name': 'gamecpp', 'path': '/data/game/test_syf_2', 'xusr': True, 'atime': 1658904241.8263872, 'isdir': True, 'ctime': 1658904370.7648768, 'isblk': False, 'xgrp': True, 'dev': 64768, 'wgrp': True, 'isfifo': False, 'mode': '0775', 'islnk': False}) => {
    "msg": "---"
}
2022-07-27 03:20:01,993 p=28789 u=gamecpp n=ansible | ok: [172.16.9.128] => (item={'uid': 1000, 'woth': False, 'mtime': 1658904335.0317411, 'inode': 817, 'isgid': False, 'size': 87, 'roth': True, 'isuid': False, 'isreg': False, 'pw_name': 'gamecpp', 'gid': 1000, 'ischr': False, 'wusr': True, 'xoth': True, 'rusr': True, 'nlink': 3, 'issock': False, 'rgrp': True, 'gr_name': 'gamecpp', 'path': '/data/game/test_syf_3', 'xusr': True, 'atime': 1658904242.1083882, 'isdir': True, 'ctime': 1658904335.0317411, 'isblk': False, 'xgrp': True, 'dev': 64768, 'wgrp': True, 'isfifo': False, 'mode': '0775', 'islnk': False}) => {
    "msg": "---"
}
2022-07-27 03:20:02,007 p=28789 u=gamecpp n=ansible | ok: [172.16.9.129] => (item={'uid': 1000, 'woth': False, 'mtime': 1658904440.9836307, 'inode': 67685824, 'isgid': False, 'size': 87, 'roth': True, 'isuid': False, 'isreg': False, 'pw_name': 'gamecpp', 'gid': 1000, 'ischr': False, 'wusr': True, 'xoth': True, 'rusr': True, 'nlink': 3, 'issock': False, 'rgrp': True, 'gr_name': 'gamecpp', 'path': '/data/game/test_syf_5', 'xusr': True, 'atime': 1658904417.7145581, 'isdir': True, 'ctime': 1658904440.9836307, 'isblk': False, 'xgrp': True, 'dev': 64768, 'wgrp': True, 'isfifo': False, 'mode': '0775', 'islnk': False}) => {
    "msg": "---"
}
2022-07-27 03:20:02,023 p=28789 u=gamecpp n=ansible | ok: [172.16.9.129] => (item={'uid': 1000, 'woth': False, 'mtime': 1658904449.9126587, 'inode': 33945969, 'isgid': False, 'size': 87, 'roth': True, 'isuid': False, 'isreg': False, 'pw_name': 'gamecpp', 'gid': 1000, 'ischr': False, 'wusr': True, 'xoth': True, 'rusr': True, 'nlink': 3, 'issock': False, 'rgrp': True, 'gr_name': 'gamecpp', 'path': '/data/game/test_syf_6', 'xusr': True, 'atime': 1658904417.9785588, 'isdir': True, 'ctime': 1658904449.9126587, 'isblk': False, 'xgrp': True, 'dev': 64768, 'wgrp': True, 'isfifo': False, 'mode': '0775', 'islnk': False}) => {
    "msg": "---"
}
2022-07-27 03:20:02,037 p=28789 u=gamecpp n=ansible | ok: [172.16.9.129] => (item={'uid': 1000, 'woth': False, 'mtime': 1658904458.8306866, 'inode': 694368, 'isgid': False, 'size': 87, 'roth': True, 'isuid': False, 'isreg': False, 'pw_name': 'gamecpp', 'gid': 1000, 'ischr': False, 'wusr': True, 'xoth': True, 'rusr': True, 'nlink': 3, 'issock': False, 'rgrp': True, 'gr_name': 'gamecpp', 'path': '/data/game/test_syf_7', 'xusr': True, 'atime': 1658904418.2495596, 'isdir': True, 'ctime': 1658904458.8306866, 'isblk': False, 'xgrp': True, 'dev': 64768, 'wgrp': True, 'isfifo': False, 'mode': '0775', 'islnk': False}) => {
    "msg": "---"
}
2022-07-27 03:20:02,052 p=28789 u=gamecpp n=ansible | ok: [172.16.9.129] => (item={'uid': 1000, 'woth': False, 'mtime': 1658904467.7747145, 'inode': 101389568, 'isgid': False, 'size': 87, 'roth': True, 'isuid': False, 'isreg': False, 'pw_name': 'gamecpp', 'gid': 1000, 'ischr': False, 'wusr': True, 'xoth': True, 'rusr': True, 'nlink': 3, 'issock': False, 'rgrp': True, 'gr_name': 'gamecpp', 'path': '/data/game/test_syf_8', 'xusr': True, 'atime': 1658904418.5115604, 'isdir': True, 'ctime': 1658904467.7747145, 'isblk': False, 'xgrp': True, 'dev': 64768, 'wgrp': True, 'isfifo': False, 'mode': '0775', 'islnk': False}) => {
    "msg": "---"
}
2022-07-27 03:20:02,063 p=28789 u=gamecpp n=ansible | ok: [172.16.9.129] => (item={'uid': 1000, 'woth': False, 'mtime': 1658904476.6737423, 'inode': 67685825, 'isgid': False, 'size': 87, 'roth': True, 'isuid': False, 'isreg': False, 'pw_name': 'gamecpp', 'gid': 1000, 'ischr': False, 'wusr': True, 'xoth': True, 'rusr': True, 'nlink': 3, 'issock': False, 'rgrp': True, 'gr_name': 'gamecpp', 'path': '/data/game/test_syf_9', 'xusr': True, 'atime': 1658904418.7725613, 'isdir': True, 'ctime': 1658904476.6737423, 'isblk': False, 'xgrp': True, 'dev': 64768, 'wgrp': True, 'isfifo': False, 'mode': '0775', 'islnk': False}) => {
    "msg": "---"
}
2022-07-27 03:20:02,107 p=28789 u=gamecpp n=ansible | PLAY RECAP **************************************************************************************************************************************************
2022-07-27 03:20:02,107 p=28789 u=gamecpp n=ansible | 172.16.9.128               : ok=3    changed=0    unreachable=0    failed=0    skipped=0    rescued=0    ignored=0   
2022-07-27 03:20:02,107 p=28789 u=gamecpp n=ansible | 172.16.9.129               : ok=3    changed=0    unreachable=0    failed=0    skipped=0    rescued=0    ignored=0   
2022-07-27 03:25:25,420 p=29398 u=gamecpp n=ansible | PLAY [open zone] ********************************************************************************************************************************************
2022-07-27 03:25:25,445 p=29398 u=gamecpp n=ansible | TASK [open : create game directory] *************************************************************************************************************************
2022-07-27 03:25:26,344 p=29398 u=gamecpp n=ansible | changed: [172.16.9.129] => (item=1)
2022-07-27 03:25:26,606 p=29398 u=gamecpp n=ansible | changed: [172.16.9.129] => (item=2)
2022-07-27 03:25:26,865 p=29398 u=gamecpp n=ansible | changed: [172.16.9.129] => (item=3)
2022-07-27 03:25:26,876 p=29398 u=gamecpp n=ansible | TASK [open : get bin file] **********************************************************************************************************************************
2022-07-27 03:25:27,835 p=29398 u=gamecpp n=ansible | changed: [172.16.9.129] => (item=1)
2022-07-27 03:25:28,492 p=29398 u=gamecpp n=ansible | changed: [172.16.9.129] => (item=2)
2022-07-27 03:25:29,164 p=29398 u=gamecpp n=ansible | changed: [172.16.9.129] => (item=3)
2022-07-27 03:25:29,174 p=29398 u=gamecpp n=ansible | TASK [open : get config file] *******************************************************************************************************************************
2022-07-27 03:25:38,184 p=29398 u=gamecpp n=ansible | changed: [172.16.9.129] => (item=1)
2022-07-27 03:25:47,074 p=29398 u=gamecpp n=ansible | changed: [172.16.9.129] => (item=2)
2022-07-27 03:25:55,952 p=29398 u=gamecpp n=ansible | changed: [172.16.9.129] => (item=3)
2022-07-27 03:25:55,954 p=29398 u=gamecpp n=ansible | [WARNING]: The authentication provided will be used on the svn command line and is not secure. To securely pass credentials, upgrade svn to version 1.10.0
or greater.

2022-07-27 03:25:55,986 p=29398 u=gamecpp n=ansible | PLAY RECAP **************************************************************************************************************************************************
2022-07-27 03:25:55,986 p=29398 u=gamecpp n=ansible | 172.16.9.129               : ok=3    changed=3    unreachable=0    failed=0    skipped=0    rescued=0    ignored=0   
2022-07-27 03:26:00,361 p=29510 u=gamecpp n=ansible | PLAY [update zone] ******************************************************************************************************************************************
2022-07-27 03:26:00,384 p=29510 u=gamecpp n=ansible | TASK [update : find game directory] *************************************************************************************************************************
2022-07-27 03:26:00,903 p=29510 u=gamecpp n=ansible | ok: [172.16.9.129]
2022-07-27 03:26:01,159 p=29510 u=gamecpp n=ansible | ok: [172.16.9.128]
2022-07-27 03:26:01,167 p=29510 u=gamecpp n=ansible | TASK [update : update binfile] ******************************************************************************************************************************
2022-07-27 03:26:01,233 p=29510 u=gamecpp n=ansible | skipping: [172.16.9.129] => (item={'uid': 1000, 'woth': False, 'mtime': 1658906738.1415884, 'inode': 100665965, 'isgid': False, 'size': 87, 'roth': True, 'isuid': False, 'isreg': False, 'pw_name': 'gamecpp', 'gid': 1000, 'ischr': False, 'wusr': True, 'xoth': True, 'rusr': True, 'nlink': 3, 'issock': False, 'rgrp': True, 'gr_name': 'gamecpp', 'path': '/data/game/test_syf_1', 'xusr': True, 'atime': 1658906726.297545, 'isdir': True, 'ctime': 1658906738.1415884, 'isblk': False, 'xgrp': True, 'dev': 64768, 'wgrp': True, 'isfifo': False, 'mode': '0775', 'islnk': False}) 
2022-07-27 03:26:01,240 p=29510 u=gamecpp n=ansible | skipping: [172.16.9.129] => (item={'uid': 1000, 'woth': False, 'mtime': 1658906747.029621, 'inode': 67223446, 'isgid': False, 'size': 87, 'roth': True, 'isuid': False, 'isreg': False, 'pw_name': 'gamecpp', 'gid': 1000, 'ischr': False, 'wusr': True, 'xoth': True, 'rusr': True, 'nlink': 3, 'issock': False, 'rgrp': True, 'gr_name': 'gamecpp', 'path': '/data/game/test_syf_2', 'xusr': True, 'atime': 1658906726.565546, 'isdir': True, 'ctime': 1658906747.029621, 'isblk': False, 'xgrp': True, 'dev': 64768, 'wgrp': True, 'isfifo': False, 'mode': '0775', 'islnk': False}) 
2022-07-27 03:26:01,245 p=29510 u=gamecpp n=ansible | skipping: [172.16.9.129] => (item={'uid': 1000, 'woth': False, 'mtime': 1658906755.9146533, 'inode': 33945969, 'isgid': False, 'size': 87, 'roth': True, 'isuid': False, 'isreg': False, 'pw_name': 'gamecpp', 'gid': 1000, 'ischr': False, 'wusr': True, 'xoth': True, 'rusr': True, 'nlink': 3, 'issock': False, 'rgrp': True, 'gr_name': 'gamecpp', 'path': '/data/game/test_syf_3', 'xusr': True, 'atime': 1658906726.828547, 'isdir': True, 'ctime': 1658906755.9146533, 'isblk': False, 'xgrp': True, 'dev': 64768, 'wgrp': True, 'isfifo': False, 'mode': '0775', 'islnk': False}) 
2022-07-27 03:26:01,256 p=29510 u=gamecpp n=ansible | TASK [update : md5sum binfile] ******************************************************************************************************************************
2022-07-27 03:26:01,316 p=29510 u=gamecpp n=ansible | skipping: [172.16.9.129] => (item={'uid': 1000, 'woth': False, 'mtime': 1658906738.1415884, 'inode': 100665965, 'isgid': False, 'size': 87, 'roth': True, 'isuid': False, 'isreg': False, 'pw_name': 'gamecpp', 'gid': 1000, 'ischr': False, 'wusr': True, 'xoth': True, 'rusr': True, 'nlink': 3, 'issock': False, 'rgrp': True, 'gr_name': 'gamecpp', 'path': '/data/game/test_syf_1', 'xusr': True, 'atime': 1658906726.297545, 'isdir': True, 'ctime': 1658906738.1415884, 'isblk': False, 'xgrp': True, 'dev': 64768, 'wgrp': True, 'isfifo': False, 'mode': '0775', 'islnk': False}) 
2022-07-27 03:26:01,325 p=29510 u=gamecpp n=ansible | skipping: [172.16.9.129] => (item={'uid': 1000, 'woth': False, 'mtime': 1658906747.029621, 'inode': 67223446, 'isgid': False, 'size': 87, 'roth': True, 'isuid': False, 'isreg': False, 'pw_name': 'gamecpp', 'gid': 1000, 'ischr': False, 'wusr': True, 'xoth': True, 'rusr': True, 'nlink': 3, 'issock': False, 'rgrp': True, 'gr_name': 'gamecpp', 'path': '/data/game/test_syf_2', 'xusr': True, 'atime': 1658906726.565546, 'isdir': True, 'ctime': 1658906747.029621, 'isblk': False, 'xgrp': True, 'dev': 64768, 'wgrp': True, 'isfifo': False, 'mode': '0775', 'islnk': False}) 
2022-07-27 03:26:01,330 p=29510 u=gamecpp n=ansible | skipping: [172.16.9.129] => (item={'uid': 1000, 'woth': False, 'mtime': 1658906755.9146533, 'inode': 33945969, 'isgid': False, 'size': 87, 'roth': True, 'isuid': False, 'isreg': False, 'pw_name': 'gamecpp', 'gid': 1000, 'ischr': False, 'wusr': True, 'xoth': True, 'rusr': True, 'nlink': 3, 'issock': False, 'rgrp': True, 'gr_name': 'gamecpp', 'path': '/data/game/test_syf_3', 'xusr': True, 'atime': 1658906726.828547, 'isdir': True, 'ctime': 1658906755.9146533, 'isblk': False, 'xgrp': True, 'dev': 64768, 'wgrp': True, 'isfifo': False, 'mode': '0775', 'islnk': False}) 
2022-07-27 03:26:01,344 p=29510 u=gamecpp n=ansible | TASK [update : update config] *******************************************************************************************************************************
2022-07-27 03:26:10,513 p=29510 u=gamecpp n=ansible | changed: [172.16.9.129] => (item={'uid': 1000, 'woth': False, 'mtime': 1658906738.1415884, 'inode': 100665965, 'isgid': False, 'size': 87, 'roth': True, 'isuid': False, 'isreg': False, 'pw_name': 'gamecpp', 'gid': 1000, 'ischr': False, 'wusr': True, 'xoth': True, 'rusr': True, 'nlink': 3, 'issock': False, 'rgrp': True, 'gr_name': 'gamecpp', 'path': '/data/game/test_syf_1', 'xusr': True, 'atime': 1658906726.297545, 'isdir': True, 'ctime': 1658906738.1415884, 'isblk': False, 'xgrp': True, 'dev': 64768, 'wgrp': True, 'isfifo': False, 'mode': '0775', 'islnk': False})
2022-07-27 03:26:19,419 p=29510 u=gamecpp n=ansible | changed: [172.16.9.129] => (item={'uid': 1000, 'woth': False, 'mtime': 1658906747.029621, 'inode': 67223446, 'isgid': False, 'size': 87, 'roth': True, 'isuid': False, 'isreg': False, 'pw_name': 'gamecpp', 'gid': 1000, 'ischr': False, 'wusr': True, 'xoth': True, 'rusr': True, 'nlink': 3, 'issock': False, 'rgrp': True, 'gr_name': 'gamecpp', 'path': '/data/game/test_syf_2', 'xusr': True, 'atime': 1658906726.565546, 'isdir': True, 'ctime': 1658906747.029621, 'isblk': False, 'xgrp': True, 'dev': 64768, 'wgrp': True, 'isfifo': False, 'mode': '0775', 'islnk': False})
2022-07-27 03:26:19,425 p=29510 u=gamecpp n=ansible | skipping: [172.16.9.129] => (item={'uid': 1000, 'woth': False, 'mtime': 1658906755.9146533, 'inode': 33945969, 'isgid': False, 'size': 87, 'roth': True, 'isuid': False, 'isreg': False, 'pw_name': 'gamecpp', 'gid': 1000, 'ischr': False, 'wusr': True, 'xoth': True, 'rusr': True, 'nlink': 3, 'issock': False, 'rgrp': True, 'gr_name': 'gamecpp', 'path': '/data/game/test_syf_3', 'xusr': True, 'atime': 1658906726.828547, 'isdir': True, 'ctime': 1658906755.9146533, 'isblk': False, 'xgrp': True, 'dev': 64768, 'wgrp': True, 'isfifo': False, 'mode': '0775', 'islnk': False}) 
2022-07-27 03:26:19,428 p=29510 u=gamecpp n=ansible | [WARNING]: The authentication provided will be used on the svn command line and is not secure. To securely pass credentials, upgrade svn to version 1.10.0
or greater.

2022-07-27 03:26:19,467 p=29510 u=gamecpp n=ansible | PLAY RECAP **************************************************************************************************************************************************
2022-07-27 03:26:19,467 p=29510 u=gamecpp n=ansible | 172.16.9.128               : ok=1    changed=0    unreachable=0    failed=0    skipped=3    rescued=0    ignored=0   
2022-07-27 03:26:19,467 p=29510 u=gamecpp n=ansible | 172.16.9.129               : ok=2    changed=1    unreachable=0    failed=0    skipped=2    rescued=0    ignored=0   
2022-07-27 03:26:26,855 p=29640 u=gamecpp n=ansible | PLAY [update zone] ******************************************************************************************************************************************
2022-07-27 03:26:26,879 p=29640 u=gamecpp n=ansible | TASK [update : find game directory] *************************************************************************************************************************
2022-07-27 03:26:27,406 p=29640 u=gamecpp n=ansible | ok: [172.16.9.129]
2022-07-27 03:26:27,425 p=29640 u=gamecpp n=ansible | ok: [172.16.9.128]
2022-07-27 03:26:27,434 p=29640 u=gamecpp n=ansible | TASK [update : update binfile] ******************************************************************************************************************************
2022-07-27 03:26:28,359 p=29640 u=gamecpp n=ansible | ok: [172.16.9.129] => (item={'uid': 1000, 'woth': False, 'mtime': 1658906770.4017065, 'inode': 100665965, 'isgid': False, 'size': 87, 'roth': True, 'isuid': False, 'isreg': False, 'pw_name': 'gamecpp', 'gid': 1000, 'ischr': False, 'wusr': True, 'xoth': True, 'rusr': True, 'nlink': 3, 'issock': False, 'rgrp': True, 'gr_name': 'gamecpp', 'path': '/data/game/test_syf_1', 'xusr': True, 'atime': 1658906726.297545, 'isdir': True, 'ctime': 1658906770.4017065, 'isblk': False, 'xgrp': True, 'dev': 64768, 'wgrp': True, 'isfifo': False, 'mode': '0775', 'islnk': False})
2022-07-27 03:26:29,033 p=29640 u=gamecpp n=ansible | ok: [172.16.9.129] => (item={'uid': 1000, 'woth': False, 'mtime': 1658906779.355739, 'inode': 67223446, 'isgid': False, 'size': 87, 'roth': True, 'isuid': False, 'isreg': False, 'pw_name': 'gamecpp', 'gid': 1000, 'ischr': False, 'wusr': True, 'xoth': True, 'rusr': True, 'nlink': 3, 'issock': False, 'rgrp': True, 'gr_name': 'gamecpp', 'path': '/data/game/test_syf_2', 'xusr': True, 'atime': 1658906726.565546, 'isdir': True, 'ctime': 1658906779.355739, 'isblk': False, 'xgrp': True, 'dev': 64768, 'wgrp': True, 'isfifo': False, 'mode': '0775', 'islnk': False})
2022-07-27 03:26:29,039 p=29640 u=gamecpp n=ansible | skipping: [172.16.9.129] => (item={'uid': 1000, 'woth': False, 'mtime': 1658906755.9146533, 'inode': 33945969, 'isgid': False, 'size': 87, 'roth': True, 'isuid': False, 'isreg': False, 'pw_name': 'gamecpp', 'gid': 1000, 'ischr': False, 'wusr': True, 'xoth': True, 'rusr': True, 'nlink': 3, 'issock': False, 'rgrp': True, 'gr_name': 'gamecpp', 'path': '/data/game/test_syf_3', 'xusr': True, 'atime': 1658906726.828547, 'isdir': True, 'ctime': 1658906755.9146533, 'isblk': False, 'xgrp': True, 'dev': 64768, 'wgrp': True, 'isfifo': False, 'mode': '0775', 'islnk': False}) 
2022-07-27 03:26:29,050 p=29640 u=gamecpp n=ansible | TASK [update : md5sum binfile] ******************************************************************************************************************************
2022-07-27 03:26:29,497 p=29640 u=gamecpp n=ansible | changed: [172.16.9.129] => (item={'uid': 1000, 'woth': False, 'mtime': 1658906770.4017065, 'inode': 100665965, 'isgid': False, 'size': 87, 'roth': True, 'isuid': False, 'isreg': False, 'pw_name': 'gamecpp', 'gid': 1000, 'ischr': False, 'wusr': True, 'xoth': True, 'rusr': True, 'nlink': 3, 'issock': False, 'rgrp': True, 'gr_name': 'gamecpp', 'path': '/data/game/test_syf_1', 'xusr': True, 'atime': 1658906726.297545, 'isdir': True, 'ctime': 1658906770.4017065, 'isblk': False, 'xgrp': True, 'dev': 64768, 'wgrp': True, 'isfifo': False, 'mode': '0775', 'islnk': False})
2022-07-27 03:26:29,766 p=29640 u=gamecpp n=ansible | changed: [172.16.9.129] => (item={'uid': 1000, 'woth': False, 'mtime': 1658906779.355739, 'inode': 67223446, 'isgid': False, 'size': 87, 'roth': True, 'isuid': False, 'isreg': False, 'pw_name': 'gamecpp', 'gid': 1000, 'ischr': False, 'wusr': True, 'xoth': True, 'rusr': True, 'nlink': 3, 'issock': False, 'rgrp': True, 'gr_name': 'gamecpp', 'path': '/data/game/test_syf_2', 'xusr': True, 'atime': 1658906726.565546, 'isdir': True, 'ctime': 1658906779.355739, 'isblk': False, 'xgrp': True, 'dev': 64768, 'wgrp': True, 'isfifo': False, 'mode': '0775', 'islnk': False})
2022-07-27 03:26:29,771 p=29640 u=gamecpp n=ansible | skipping: [172.16.9.129] => (item={'uid': 1000, 'woth': False, 'mtime': 1658906755.9146533, 'inode': 33945969, 'isgid': False, 'size': 87, 'roth': True, 'isuid': False, 'isreg': False, 'pw_name': 'gamecpp', 'gid': 1000, 'ischr': False, 'wusr': True, 'xoth': True, 'rusr': True, 'nlink': 3, 'issock': False, 'rgrp': True, 'gr_name': 'gamecpp', 'path': '/data/game/test_syf_3', 'xusr': True, 'atime': 1658906726.828547, 'isdir': True, 'ctime': 1658906755.9146533, 'isblk': False, 'xgrp': True, 'dev': 64768, 'wgrp': True, 'isfifo': False, 'mode': '0775', 'islnk': False}) 
2022-07-27 03:26:29,782 p=29640 u=gamecpp n=ansible | TASK [update : update config] *******************************************************************************************************************************
2022-07-27 03:26:29,841 p=29640 u=gamecpp n=ansible | skipping: [172.16.9.129] => (item={'uid': 1000, 'woth': False, 'mtime': 1658906770.4017065, 'inode': 100665965, 'isgid': False, 'size': 87, 'roth': True, 'isuid': False, 'isreg': False, 'pw_name': 'gamecpp', 'gid': 1000, 'ischr': False, 'wusr': True, 'xoth': True, 'rusr': True, 'nlink': 3, 'issock': False, 'rgrp': True, 'gr_name': 'gamecpp', 'path': '/data/game/test_syf_1', 'xusr': True, 'atime': 1658906726.297545, 'isdir': True, 'ctime': 1658906770.4017065, 'isblk': False, 'xgrp': True, 'dev': 64768, 'wgrp': True, 'isfifo': False, 'mode': '0775', 'islnk': False}) 
2022-07-27 03:26:29,847 p=29640 u=gamecpp n=ansible | skipping: [172.16.9.129] => (item={'uid': 1000, 'woth': False, 'mtime': 1658906779.355739, 'inode': 67223446, 'isgid': False, 'size': 87, 'roth': True, 'isuid': False, 'isreg': False, 'pw_name': 'gamecpp', 'gid': 1000, 'ischr': False, 'wusr': True, 'xoth': True, 'rusr': True, 'nlink': 3, 'issock': False, 'rgrp': True, 'gr_name': 'gamecpp', 'path': '/data/game/test_syf_2', 'xusr': True, 'atime': 1658906726.565546, 'isdir': True, 'ctime': 1658906779.355739, 'isblk': False, 'xgrp': True, 'dev': 64768, 'wgrp': True, 'isfifo': False, 'mode': '0775', 'islnk': False}) 
2022-07-27 03:26:29,852 p=29640 u=gamecpp n=ansible | skipping: [172.16.9.129] => (item={'uid': 1000, 'woth': False, 'mtime': 1658906755.9146533, 'inode': 33945969, 'isgid': False, 'size': 87, 'roth': True, 'isuid': False, 'isreg': False, 'pw_name': 'gamecpp', 'gid': 1000, 'ischr': False, 'wusr': True, 'xoth': True, 'rusr': True, 'nlink': 3, 'issock': False, 'rgrp': True, 'gr_name': 'gamecpp', 'path': '/data/game/test_syf_3', 'xusr': True, 'atime': 1658906726.828547, 'isdir': True, 'ctime': 1658906755.9146533, 'isblk': False, 'xgrp': True, 'dev': 64768, 'wgrp': True, 'isfifo': False, 'mode': '0775', 'islnk': False}) 
2022-07-27 03:26:29,885 p=29640 u=gamecpp n=ansible | PLAY RECAP **************************************************************************************************************************************************
2022-07-27 03:26:29,886 p=29640 u=gamecpp n=ansible | 172.16.9.128               : ok=1    changed=0    unreachable=0    failed=0    skipped=3    rescued=0    ignored=0   
2022-07-27 03:26:29,886 p=29640 u=gamecpp n=ansible | 172.16.9.129               : ok=3    changed=1    unreachable=0    failed=0    skipped=1    rescued=0    ignored=0   
2022-07-27 03:26:52,443 p=29724 u=gamecpp n=ansible | PLAY [operate zone] *****************************************************************************************************************************************
2022-07-27 03:26:52,467 p=29724 u=gamecpp n=ansible | TASK [operate : find game directory] ************************************************************************************************************************
2022-07-27 03:26:52,966 p=29724 u=gamecpp n=ansible | ok: [172.16.9.129]
2022-07-27 03:26:53,006 p=29724 u=gamecpp n=ansible | ok: [172.16.9.128]
2022-07-27 03:26:53,017 p=29724 u=gamecpp n=ansible | TASK [operate : zone start] *********************************************************************************************************************************
2022-07-27 03:26:53,485 p=29724 u=gamecpp n=ansible | changed: [172.16.9.129] => (item={'uid': 1000, 'woth': False, 'mtime': 1658906770.4017065, 'inode': 100665965, 'isgid': False, 'size': 87, 'roth': True, 'isuid': False, 'isreg': False, 'pw_name': 'gamecpp', 'gid': 1000, 'ischr': False, 'wusr': True, 'xoth': True, 'rusr': True, 'nlink': 3, 'issock': False, 'rgrp': True, 'gr_name': 'gamecpp', 'path': '/data/game/test_syf_1', 'xusr': True, 'atime': 1658906726.297545, 'isdir': True, 'ctime': 1658906770.4017065, 'isblk': False, 'xgrp': True, 'dev': 64768, 'wgrp': True, 'isfifo': False, 'mode': '0775', 'islnk': False})
2022-07-27 03:26:53,762 p=29724 u=gamecpp n=ansible | changed: [172.16.9.129] => (item={'uid': 1000, 'woth': False, 'mtime': 1658906779.355739, 'inode': 67223446, 'isgid': False, 'size': 87, 'roth': True, 'isuid': False, 'isreg': False, 'pw_name': 'gamecpp', 'gid': 1000, 'ischr': False, 'wusr': True, 'xoth': True, 'rusr': True, 'nlink': 3, 'issock': False, 'rgrp': True, 'gr_name': 'gamecpp', 'path': '/data/game/test_syf_2', 'xusr': True, 'atime': 1658906726.565546, 'isdir': True, 'ctime': 1658906779.355739, 'isblk': False, 'xgrp': True, 'dev': 64768, 'wgrp': True, 'isfifo': False, 'mode': '0775', 'islnk': False})
2022-07-27 03:26:53,767 p=29724 u=gamecpp n=ansible | skipping: [172.16.9.129] => (item={'uid': 1000, 'woth': False, 'mtime': 1658906755.9146533, 'inode': 33945969, 'isgid': False, 'size': 87, 'roth': True, 'isuid': False, 'isreg': False, 'pw_name': 'gamecpp', 'gid': 1000, 'ischr': False, 'wusr': True, 'xoth': True, 'rusr': True, 'nlink': 3, 'issock': False, 'rgrp': True, 'gr_name': 'gamecpp', 'path': '/data/game/test_syf_3', 'xusr': True, 'atime': 1658906726.828547, 'isdir': True, 'ctime': 1658906755.9146533, 'isblk': False, 'xgrp': True, 'dev': 64768, 'wgrp': True, 'isfifo': False, 'mode': '0775', 'islnk': False}) 
2022-07-27 03:26:53,805 p=29724 u=gamecpp n=ansible | PLAY RECAP **************************************************************************************************************************************************
2022-07-27 03:26:53,805 p=29724 u=gamecpp n=ansible | 172.16.9.128               : ok=1    changed=0    unreachable=0    failed=0    skipped=1    rescued=0    ignored=0   
2022-07-27 03:26:53,805 p=29724 u=gamecpp n=ansible | 172.16.9.129               : ok=2    changed=1    unreachable=0    failed=0    skipped=0    rescued=0    ignored=0   
